This file contains any messages produced by compilers while
running configure, to aid debugging if configure makes a mistake.

It was created by configure, which was
generated by GNU Autoconf 2.69.  Invocation command line was

  $ ./configure 

## --------- ##
## Platform. ##
## --------- ##

hostname = debian-chenke
uname -m = x86_64
uname -r = 3.2.0-4-amd64
uname -s = Linux
uname -v = #1 SMP Debian 3.2.68-1+deb7u3

/usr/bin/uname -p = unknown
/bin/uname -X     = unknown

/bin/arch              = unknown
/usr/bin/arch -k       = unknown
/usr/convex/getsysinfo = unknown
/usr/bin/hostinfo      = unknown
/bin/machine           = unknown
/usr/bin/oslevel       = unknown
/bin/universe          = unknown

PATH: /usr/local/go/bin
PATH: /bin
PATH: /usr/local/bin/
PATH: /home/chenke/softs/jdk1.7.0_67/bin
PATH: /usr/local/bin
PATH: /usr/bin
PATH: /bin
PATH: /usr/local/games
PATH: /usr/games


## ----------- ##
## Core tests. ##
## ----------- ##

configure:2078: checking for grep that handles long lines and -e
configure:2136: result: /bin/grep
configure:2141: checking for egrep
configure:2203: result: /bin/grep -E
configure:2208: checking for a sed that does not truncate output
configure:2272: result: /bin/sed
configure:2406: checking for cc
configure:2422: found /usr/bin/cc
configure:2433: result: cc
configure:2464: checking for C compiler version
configure:2473: cc --version >&5
cc (Debian 4.7.2-5) 4.7.2
Copyright (C) 2012 Free Software Foundation, Inc.
This is free software; see the source for copying conditions.  There is NO
warranty; not even for MERCHANTABILITY or FITNESS FOR A PARTICULAR PURPOSE.

configure:2484: $? = 0
configure:2473: cc -v >&5
Using built-in specs.
COLLECT_GCC=cc
COLLECT_LTO_WRAPPER=/usr/lib/gcc/x86_64-linux-gnu/4.7/lto-wrapper
Target: x86_64-linux-gnu
Configured with: ../src/configure -v --with-pkgversion='Debian 4.7.2-5' --with-bugurl=file:///usr/share/doc/gcc-4.7/README.Bugs --enable-languages=c,c++,go,fortran,objc,obj-c++ --prefix=/usr --program-suffix=-4.7 --enable-shared --enable-linker-build-id --with-system-zlib --libexecdir=/usr/lib --without-included-gettext --enable-threads=posix --with-gxx-include-dir=/usr/include/c++/4.7 --libdir=/usr/lib --enable-nls --with-sysroot=/ --enable-clocale=gnu --enable-libstdcxx-debug --enable-libstdcxx-time=yes --enable-gnu-unique-object --enable-plugin --enable-objc-gc --with-arch-32=i586 --with-tune=generic --enable-checking=release --build=x86_64-linux-gnu --host=x86_64-linux-gnu --target=x86_64-linux-gnu
Thread model: posix
gcc version 4.7.2 (Debian 4.7.2-5) 
configure:2484: $? = 0
configure:2473: cc -V >&5
cc: error: unrecognized command line option '-V'
cc: fatal error: no input files
compilation terminated.
configure:2484: $? = 4
configure:2473: cc -qversion >&5
cc: error: unrecognized command line option '-qversion'
cc: fatal error: no input files
compilation terminated.
configure:2484: $? = 4
configure:2504: checking whether the C compiler works
configure:2526: cc    conftest.c  >&5
configure:2530: $? = 0
configure:2578: result: yes
configure:2581: checking for C compiler default output file name
configure:2583: result: a.out
configure:2589: checking for suffix of executables
configure:2596: cc -o conftest    conftest.c  >&5
configure:2600: $? = 0
configure:2622: result: 
configure:2644: checking whether we are cross compiling
configure:2652: cc -o conftest    conftest.c  >&5
configure:2656: $? = 0
configure:2663: ./conftest
configure:2667: $? = 0
configure:2682: result: no
configure:2687: checking for suffix of object files
configure:2709: cc -c   conftest.c >&5
configure:2713: $? = 0
configure:2734: result: o
configure:2738: checking whether we are using the GNU C compiler
configure:2757: cc -c   conftest.c >&5
configure:2757: $? = 0
configure:2766: result: yes
configure:2775: checking whether cc accepts -g
configure:2795: cc -c -g  conftest.c >&5
configure:2795: $? = 0
configure:2836: result: yes
configure:2853: checking for cc option to accept ISO C89
configure:2916: cc  -c -g -O2  conftest.c >&5
configure:2916: $? = 0
configure:2929: result: none needed
configure:2955: checking how to run the C preprocessor
configure:2986: cc -E  conftest.c
configure:2986: $? = 0
configure:3000: cc -E  conftest.c
conftest.c:9:28: fatal error: ac_nonexistent.h: No such file or directory
compilation terminated.
configure:3000: $? = 1
configure: failed program was:
| /* confdefs.h */
| #define PACKAGE_NAME ""
| #define PACKAGE_TARNAME ""
| #define PACKAGE_VERSION ""
| #define PACKAGE_STRING ""
| #define PACKAGE_BUGREPORT ""
| #define PACKAGE_URL ""
| /* end confdefs.h.  */
| #include <ac_nonexistent.h>
configure:3025: result: cc -E
configure:3045: cc -E  conftest.c
configure:3045: $? = 0
configure:3059: cc -E  conftest.c
conftest.c:9:28: fatal error: ac_nonexistent.h: No such file or directory
compilation terminated.
configure:3059: $? = 1
configure: failed program was:
| /* confdefs.h */
| #define PACKAGE_NAME ""
| #define PACKAGE_TARNAME ""
| #define PACKAGE_VERSION ""
| #define PACKAGE_STRING ""
| #define PACKAGE_BUGREPORT ""
| #define PACKAGE_URL ""
| /* end confdefs.h.  */
| #include <ac_nonexistent.h>
configure:3090: checking for icc
configure:3099: result: no
configure:3113: checking for suncc
configure:3122: result: no
configure:3140: checking whether cc understands -c and -o together
configure:3168: cc -c conftest.c -o conftest2.o >&5
configure:3172: $? = 0
configure:3178: cc -c conftest.c -o conftest2.o >&5
configure:3182: $? = 0
configure:3237: result: yes
configure:3251: checking for system library directory
configure:3266: result: lib
configure:3273: checking if compiler supports -R
configure:3292: cc -o conftest -g -O2   conftest.c -R /usr/lib  >&5
cc: error: unrecognized option '-R'
configure:3292: $? = 1
configure: failed program was:
| /* confdefs.h */
| #define PACKAGE_NAME ""
| #define PACKAGE_TARNAME ""
| #define PACKAGE_VERSION ""
| #define PACKAGE_STRING ""
| #define PACKAGE_BUGREPORT ""
| #define PACKAGE_URL ""
| /* end confdefs.h.  */
| 
| int
| main ()
| {
| 
|   ;
|   return 0;
| }
configure:3302: result: no
configure:3307: checking if compiler supports -Wl,-rpath,
configure:3326: cc -o conftest -g -O2   conftest.c -Wl,-rpath,/usr/lib  >&5
configure:3326: $? = 0
configure:3336: result: yes
configure:3381: checking build system type
configure:3395: result: x86_64-unknown-linux-gnu
configure:3415: checking host system type
configure:3428: result: x86_64-unknown-linux-gnu
configure:3448: checking target system type
configure:3461: result: x86_64-unknown-linux-gnu
configure:3564: checking for PHP prefix
configure:3566: result: /usr
configure:3568: checking for PHP includes
configure:3570: result: -I/usr/include/php5 -I/usr/include/php5/main -I/usr/include/php5/TSRM -I/usr/include/php5/Zend -I/usr/include/php5/ext -I/usr/include/php5/ext/date/lib
configure:3572: checking for PHP extension directory
configure:3574: result: /usr/lib/php5/20100525
configure:3576: checking for PHP installed headers prefix
configure:3578: result: /usr/include/php5
configure:3581: checking if debug is enabled
configure:3607: result: no
configure:3610: checking if zts is enabled
configure:3636: result: no
configure:3707: checking for re2c
configure:3737: result: no
configure:3762: WARNING: You will need re2c 0.13.4 or later if you want to regenerate PHP parsers.
configure:3776: checking for gawk
configure:3807: result: no
configure:3776: checking for nawk
configure:3793: found /usr/bin/nawk
configure:3804: result: nawk
configure:3827: checking if nawk is broken
configure:3834: result: no
configure:3852: checking whether to enable phoenix support
configure:3891: result: yes, shared
configure:4254: checking how to print strings
configure:4281: result: printf
configure:4302: checking for a sed that does not truncate output
configure:4366: result: /bin/sed
configure:4384: checking for fgrep
configure:4446: result: /bin/grep -F
configure:4481: checking for ld used by cc
configure:4548: result: /usr/bin/ld
configure:4555: checking if the linker (/usr/bin/ld) is GNU ld
configure:4570: result: yes
configure:4582: checking for BSD- or MS-compatible name lister (nm)
configure:4631: result: /usr/bin/nm -B
configure:4761: checking the name lister (/usr/bin/nm -B) interface
configure:4768: cc -c -g -O2  conftest.c >&5
configure:4771: /usr/bin/nm -B "conftest.o"
configure:4774: output
0000000000000000 B some_variable
configure:4781: result: BSD nm
configure:4784: checking whether ln -s works
configure:4788: result: yes
configure:4796: checking the maximum length of command line arguments
configure:4926: result: 1572864
configure:4943: checking whether the shell understands some XSI constructs
configure:4953: result: yes
configure:4957: checking whether the shell understands "+="
configure:4963: result: yes
configure:4998: checking how to convert x86_64-unknown-linux-gnu file names to x86_64-unknown-linux-gnu format
configure:5038: result: func_convert_file_noop
configure:5045: checking how to convert x86_64-unknown-linux-gnu file names to toolchain format
configure:5065: result: func_convert_file_noop
configure:5072: checking for /usr/bin/ld option to reload object files
configure:5079: result: -r
configure:5153: checking for objdump
configure:5169: found /usr/bin/objdump
configure:5180: result: objdump
configure:5212: checking how to recognize dependent libraries
configure:5410: result: pass_all
configure:5495: checking for dlltool
configure:5525: result: no
configure:5555: checking how to associate runtime and link libraries
configure:5582: result: printf %s\n
configure:5642: checking for ar
configure:5658: found /usr/bin/ar
configure:5669: result: ar
configure:5706: checking for archiver @FILE support
configure:5723: cc -c -g -O2  conftest.c >&5
configure:5723: $? = 0
configure:5726: ar cru libconftest.a @conftest.lst >&5
configure:5729: $? = 0
configure:5734: ar cru libconftest.a @conftest.lst >&5
ar: conftest.o: No such file or directory
configure:5737: $? = 1
configure:5749: result: @
configure:5807: checking for strip
configure:5823: found /usr/bin/strip
configure:5834: result: strip
configure:5906: checking for ranlib
configure:5922: found /usr/bin/ranlib
configure:5933: result: ranlib
configure:6010: checking for gawk
configure:6037: result: nawk
configure:6077: checking command to parse /usr/bin/nm -B output from cc object
configure:6197: cc -c -g -O2  conftest.c >&5
configure:6200: $? = 0
configure:6204: /usr/bin/nm -B conftest.o \| sed -n -e 's/^.*[ ]\([ABCDGIRSTW][ABCDGIRSTW]*\)[ ][ ]*\([_A-Za-z][_A-Za-z0-9]*\)$/\1 \2 \2/p' | sed '/ __gnu_lto/d' \> conftest.nm
configure:6207: $? = 0
configure:6273: cc -o conftest -g -O2   conftest.c conftstm.o >&5
configure:6276: $? = 0
configure:6314: result: ok
configure:6351: checking for sysroot
configure:6381: result: no
configure:6458: cc -c -g -O2  conftest.c >&5
configure:6461: $? = 0
configure:6637: checking for mt
configure:6653: found /bin/mt
configure:6664: result: mt
configure:6687: checking if mt is a manifest tool
configure:6693: mt '-?'
configure:6701: result: no
configure:7338: checking for ANSI C header files
configure:7358: cc -c -g -O2  conftest.c >&5
configure:7358: $? = 0
configure:7431: cc -o conftest -g -O2   conftest.c  >&5
configure:7431: $? = 0
configure:7431: ./conftest
configure:7431: $? = 0
configure:7442: result: yes
configure:7455: checking for sys/types.h
configure:7455: cc -c -g -O2  conftest.c >&5
configure:7455: $? = 0
configure:7455: result: yes
configure:7455: checking for sys/stat.h
configure:7455: cc -c -g -O2  conftest.c >&5
configure:7455: $? = 0
configure:7455: result: yes
configure:7455: checking for stdlib.h
configure:7455: cc -c -g -O2  conftest.c >&5
configure:7455: $? = 0
configure:7455: result: yes
configure:7455: checking for string.h
configure:7455: cc -c -g -O2  conftest.c >&5
configure:7455: $? = 0
configure:7455: result: yes
configure:7455: checking for memory.h
configure:7455: cc -c -g -O2  conftest.c >&5
configure:7455: $? = 0
configure:7455: result: yes
configure:7455: checking for strings.h
configure:7455: cc -c -g -O2  conftest.c >&5
configure:7455: $? = 0
configure:7455: result: yes
configure:7455: checking for inttypes.h
configure:7455: cc -c -g -O2  conftest.c >&5
configure:7455: $? = 0
configure:7455: result: yes
configure:7455: checking for stdint.h
configure:7455: cc -c -g -O2  conftest.c >&5
configure:7455: $? = 0
configure:7455: result: yes
configure:7455: checking for unistd.h
configure:7455: cc -c -g -O2  conftest.c >&5
configure:7455: $? = 0
configure:7455: result: yes
configure:7469: checking for dlfcn.h
configure:7469: cc -c -g -O2  conftest.c >&5
configure:7469: $? = 0
configure:7469: result: yes
configure:7675: checking for objdir
configure:7690: result: .libs
configure:7961: checking if cc supports -fno-rtti -fno-exceptions
configure:7979: cc -c -g -O2  -fno-rtti -fno-exceptions conftest.c >&5
cc1: warning: command line option '-fno-rtti' is valid for C++/ObjC++ but not for C [enabled by default]
configure:7983: $? = 0
configure:7996: result: no
configure:8323: checking for cc option to produce PIC
configure:8330: result: -fPIC -DPIC
configure:8338: checking if cc PIC flag -fPIC -DPIC works
configure:8356: cc -c -g -O2  -fPIC -DPIC -DPIC conftest.c >&5
configure:8360: $? = 0
configure:8373: result: yes
configure:8402: checking if cc static flag -static works
configure:8430: result: yes
configure:8445: checking if cc supports -c -o file.o
configure:8466: cc -c -g -O2  -o out/conftest2.o conftest.c >&5
configure:8470: $? = 0
configure:8492: result: yes
configure:8500: checking if cc supports -c -o file.o
configure:8547: result: yes
configure:8580: checking whether the cc linker (/usr/bin/ld -m elf_x86_64) supports shared libraries
configure:9737: result: yes
configure:9774: checking whether -lc should be explicitly linked in
configure:9782: cc -c -g -O2  conftest.c >&5
configure:9785: $? = 0
configure:9800: cc -shared  -fPIC -DPIC conftest.o  -v -Wl,-soname -Wl,conftest -o conftest 2\>\&1 \| /bin/grep  -lc  \>/dev/null 2\>\&1
configure:9803: $? = 0
configure:9817: result: no
configure:9977: checking dynamic linker characteristics
configure:10477: cc -o conftest -g -O2   -Wl,-rpath -Wl,/foo conftest.c  >&5
configure:10477: $? = 0
configure:10711: result: GNU/Linux ld.so
configure:10818: checking how to hardcode library paths into programs
configure:10843: result: immediate
configure:11383: checking whether stripping libraries is possible
configure:11388: result: yes
configure:11423: checking if libtool supports shared libraries
configure:11425: result: yes
configure:11428: checking whether to build shared libraries
configure:11449: result: yes
configure:11452: checking whether to build static libraries
configure:11456: result: no
configure:11732: creating ./config.status

## ---------------------- ##
## Running config.status. ##
## ---------------------- ##

This file was extended by config.status, which was
generated by GNU Autoconf 2.69.  Invocation command line was

  CONFIG_FILES    = 
  CONFIG_HEADERS  = 
  CONFIG_LINKS    = 
  CONFIG_COMMANDS = 
  $ ./config.status 

on debian-chenke

config.status:886: creating config.h
config.status:976: config.h is unchanged
config.status:990: executing libtool commands

## ---------------- ##
## Cache variables. ##
## ---------------- ##

ac_cv_build=x86_64-unknown-linux-gnu
ac_cv_c_compiler_gnu=yes
ac_cv_env_CC_set=
ac_cv_env_CC_value=
ac_cv_env_CFLAGS_set=
ac_cv_env_CFLAGS_value=
ac_cv_env_CPPFLAGS_set=
ac_cv_env_CPPFLAGS_value=
ac_cv_env_CPP_set=
ac_cv_env_CPP_value=
ac_cv_env_LDFLAGS_set=
ac_cv_env_LDFLAGS_value=
ac_cv_env_LIBS_set=
ac_cv_env_LIBS_value=
ac_cv_env_build_alias_set=
ac_cv_env_build_alias_value=
ac_cv_env_host_alias_set=
ac_cv_env_host_alias_value=
ac_cv_env_target_alias_set=
ac_cv_env_target_alias_value=
ac_cv_header_dlfcn_h=yes
ac_cv_header_inttypes_h=yes
ac_cv_header_memory_h=yes
ac_cv_header_stdc=yes
ac_cv_header_stdint_h=yes
ac_cv_header_stdlib_h=yes
ac_cv_header_string_h=yes
ac_cv_header_strings_h=yes
ac_cv_header_sys_stat_h=yes
ac_cv_header_sys_types_h=yes
ac_cv_header_unistd_h=yes
ac_cv_host=x86_64-unknown-linux-gnu
ac_cv_objext=o
ac_cv_path_EGREP='/bin/grep -E'
ac_cv_path_FGREP='/bin/grep -F'
ac_cv_path_GREP=/bin/grep
ac_cv_path_SED=/bin/sed
ac_cv_prog_AWK=nawk
ac_cv_prog_CPP='cc -E'
ac_cv_prog_ac_ct_AR=ar
ac_cv_prog_ac_ct_CC=cc
ac_cv_prog_ac_ct_MANIFEST_TOOL=mt
ac_cv_prog_ac_ct_OBJDUMP=objdump
ac_cv_prog_ac_ct_RANLIB=ranlib
ac_cv_prog_ac_ct_STRIP=strip
ac_cv_prog_cc_c89=
ac_cv_prog_cc_cc_c_o=yes
ac_cv_prog_cc_g=yes
ac_cv_target=x86_64-unknown-linux-gnu
lt_cv_ar_at_file=@
lt_cv_archive_cmds_need_lc=no
lt_cv_deplibs_check_method=pass_all
lt_cv_file_magic_cmd='$MAGIC_CMD'
lt_cv_file_magic_test_file=
lt_cv_ld_reload_flag=-r
lt_cv_nm_interface='BSD nm'
lt_cv_objdir=.libs
lt_cv_path_LD=/usr/bin/ld
lt_cv_path_NM='/usr/bin/nm -B'
lt_cv_path_mainfest_tool=no
lt_cv_prog_compiler_c_o=yes
lt_cv_prog_compiler_pic='-fPIC -DPIC'
lt_cv_prog_compiler_pic_works=yes
lt_cv_prog_compiler_rtti_exceptions=no
lt_cv_prog_compiler_static_works=yes
lt_cv_prog_gnu_ld=yes
lt_cv_sharedlib_from_linklib_cmd='printf %s\n'
lt_cv_shlibpath_overrides_runpath=no
lt_cv_sys_global_symbol_pipe='sed -n -e '\''s/^.*[	 ]\([ABCDGIRSTW][ABCDGIRSTW]*\)[	 ][	 ]*\([_A-Za-z][_A-Za-z0-9]*\)$/\1 \2 \2/p'\'' | sed '\''/ __gnu_lto/d'\'''
lt_cv_sys_global_symbol_to_c_name_address='sed -n -e '\''s/^: \([^ ]*\)[ ]*$/  {\"\1\", (void *) 0},/p'\'' -e '\''s/^[ABCDGIRSTW]* \([^ ]*\) \([^ ]*\)$/  {"\2", (void *) \&\2},/p'\'''
lt_cv_sys_global_symbol_to_c_name_address_lib_prefix='sed -n -e '\''s/^: \([^ ]*\)[ ]*$/  {\"\1\", (void *) 0},/p'\'' -e '\''s/^[ABCDGIRSTW]* \([^ ]*\) \(lib[^ ]*\)$/  {"\2", (void *) \&\2},/p'\'' -e '\''s/^[ABCDGIRSTW]* \([^ ]*\) \([^ ]*\)$/  {"lib\2", (void *) \&\2},/p'\'''
lt_cv_sys_global_symbol_to_cdecl='sed -n -e '\''s/^T .* \(.*\)$/extern int \1();/p'\'' -e '\''s/^[ABCDGIRSTW]* .* \(.*\)$/extern char \1;/p'\'''
lt_cv_sys_max_cmd_len=1572864
lt_cv_to_host_file_cmd=func_convert_file_noop
lt_cv_to_tool_file_cmd=func_convert_file_noop
php_cv_cc_dashr=no
php_cv_cc_rpath=yes

## ----------------- ##
## Output variables. ##
## ----------------- ##

AR='ar'
AWK='nawk'
CC='cc'
CFLAGS='-g -O2'
CONFIGURE_COMMAND=' '\''./configure'\'' '
CONFIGURE_OPTIONS=''
CPP='cc -E'
CPPFLAGS=' -DHAVE_CONFIG_H'
DEFS='-DHAVE_CONFIG_H'
DLLTOOL='false'
DSYMUTIL=''
DUMPBIN=''
ECHO_C=''
ECHO_N='-n'
ECHO_T=''
EGREP='/bin/grep -E'
EXEEXT=''
FGREP='/bin/grep -F'
GREP='/bin/grep'
LD='/usr/bin/ld -m elf_x86_64'
LDFLAGS=''
LIBOBJS=''
LIBS=''
LIBTOOL='$(SHELL) $(top_builddir)/libtool'
LIPO=''
LN_S='ln -s'
LTLIBOBJS=''
MANIFEST_TOOL=':'
NM='/usr/bin/nm -B'
NMEDIT=''
OBJDUMP='objdump'
OBJEXT='o'
OTOOL64=''
OTOOL=''
PACKAGE_BUGREPORT=''
PACKAGE_NAME=''
PACKAGE_STRING=''
PACKAGE_TARNAME=''
PACKAGE_URL=''
PACKAGE_VERSION=''
PATH_SEPARATOR=':'
RANLIB='ranlib'
RE2C='exit 0;'
SED='/bin/sed'
SHELL='/bin/bash'
SHLIB_DL_SUFFIX_NAME='so'
SHLIB_SUFFIX_NAME='so'
STRIP='strip'
ac_ct_AR='ar'
ac_ct_CC='cc'
ac_ct_DUMPBIN=''
bindir='${exec_prefix}/bin'
build='x86_64-unknown-linux-gnu'
build_alias=''
build_cpu='x86_64'
build_os='linux-gnu'
build_vendor='unknown'
datadir='${datarootdir}'
datarootdir='${prefix}/share'
docdir='${datarootdir}/doc/${PACKAGE}'
dvidir='${docdir}'
exec_prefix='$(prefix)'
host='x86_64-unknown-linux-gnu'
host_alias='x86_64-unknown-linux-gnu'
host_cpu='x86_64'
host_os='linux-gnu'
host_vendor='unknown'
htmldir='${docdir}'
includedir='${prefix}/include'
infodir='${datarootdir}/info'
libdir='${exec_prefix}/lib'
libexecdir='${exec_prefix}/libexec'
localedir='${datarootdir}/locale'
localstatedir='${prefix}/var'
mandir='${datarootdir}/man'
oldincludedir='/usr/include'
pdfdir='${docdir}'
prefix='/usr'
program_transform_name='s,x,x,'
psdir='${docdir}'
sbindir='${exec_prefix}/sbin'
sharedstatedir='${prefix}/com'
sysconfdir='${prefix}/etc'
target='x86_64-unknown-linux-gnu'
target_alias=''
target_cpu='x86_64'
target_os='linux-gnu'
target_vendor='unknown'

## ----------- ##
## confdefs.h. ##
## ----------- ##

/* confdefs.h */
#define PACKAGE_NAME ""
#define PACKAGE_TARNAME ""
#define PACKAGE_VERSION ""
#define PACKAGE_STRING ""
#define PACKAGE_BUGREPORT ""
#define PACKAGE_URL ""
#define COMPILE_DL_PHOENIX 1
#define STDC_HEADERS 1
#define HAVE_SYS_TYPES_H 1
#define HAVE_SYS_STAT_H 1
#define HAVE_STDLIB_H 1
#define HAVE_STRING_H 1
#define HAVE_MEMORY_H 1
#define HAVE_STRINGS_H 1
#define HAVE_INTTYPES_H 1
#define HAVE_STDINT_H 1
#define HAVE_UNISTD_H 1
#define HAVE_DLFCN_H 1
#define LT_OBJDIR ".libs/"

configure: exit 0
